0 info it worked if it ends with ok
1 verbose cli [ '/usr/local/bin/node',
1 verbose cli   '/usr/local/bin/npm',
1 verbose cli   'install',
1 verbose cli   '-g',
1 verbose cli   'coffeelint' ]
2 info using npm@2.15.9
3 info using node@v4.5.0
4 verbose install initial load of /usr/local/lib/package.json
5 verbose readDependencies loading dependencies from /usr/local/lib/package.json
6 silly cache add args [ 'coffeelint', null ]
7 verbose cache add spec coffeelint
8 silly cache add parsed spec Result {
8 silly cache add   raw: 'coffeelint',
8 silly cache add   scope: null,
8 silly cache add   name: 'coffeelint',
8 silly cache add   rawSpec: '',
8 silly cache add   spec: 'latest',
8 silly cache add   type: 'tag' }
9 silly addNamed coffeelint@latest
10 verbose addNamed "latest" is being treated as a dist-tag for coffeelint
11 info addNameTag [ 'coffeelint', 'latest' ]
12 silly mapToRegistry name coffeelint
13 silly mapToRegistry using default registry
14 silly mapToRegistry registry https://registry.npmjs.org/
15 silly mapToRegistry data Result {
15 silly mapToRegistry   raw: 'coffeelint',
15 silly mapToRegistry   scope: null,
15 silly mapToRegistry   name: 'coffeelint',
15 silly mapToRegistry   rawSpec: '',
15 silly mapToRegistry   spec: 'latest',
15 silly mapToRegistry   type: 'tag' }
16 silly mapToRegistry uri https://registry.npmjs.org/coffeelint
17 verbose addNameTag registry:https://registry.npmjs.org/coffeelint not in flight; fetching
18 verbose request uri https://registry.npmjs.org/coffeelint
19 verbose request no auth needed
20 info attempt registry request try #1 at 10:04:42 AM
21 verbose request id 9ca3b6192ed56acb
22 http request GET https://registry.npmjs.org/coffeelint
23 http 200 https://registry.npmjs.org/coffeelint
24 verbose headers { server: 'nginx/1.10.1',
24 verbose headers   'content-type': 'application/json',
24 verbose headers   'last-modified': 'Fri, 11 Nov 2016 09:33:01 GMT',
24 verbose headers   etag: 'W/"5825904d-1eb11"',
24 verbose headers   'content-encoding': 'gzip',
24 verbose headers   'cache-control': 'max-age=300',
24 verbose headers   'content-length': '9659',
24 verbose headers   'accept-ranges': 'bytes',
24 verbose headers   date: 'Tue, 28 Feb 2017 09:04:42 GMT',
24 verbose headers   via: '1.1 varnish',
24 verbose headers   age: '77',
24 verbose headers   connection: 'keep-alive',
24 verbose headers   'x-served-by': 'cache-hhn1537-HHN',
24 verbose headers   'x-cache': 'HIT',
24 verbose headers   'x-cache-hits': '1',
24 verbose headers   'x-timer': 'S1488272682.972212,VS0,VE0',
24 verbose headers   vary: 'Accept-Encoding' }
25 silly get cb [ 200,
25 silly get   { server: 'nginx/1.10.1',
25 silly get     'content-type': 'application/json',
25 silly get     'last-modified': 'Fri, 11 Nov 2016 09:33:01 GMT',
25 silly get     etag: 'W/"5825904d-1eb11"',
25 silly get     'content-encoding': 'gzip',
25 silly get     'cache-control': 'max-age=300',
25 silly get     'content-length': '9659',
25 silly get     'accept-ranges': 'bytes',
25 silly get     date: 'Tue, 28 Feb 2017 09:04:42 GMT',
25 silly get     via: '1.1 varnish',
25 silly get     age: '77',
25 silly get     connection: 'keep-alive',
25 silly get     'x-served-by': 'cache-hhn1537-HHN',
25 silly get     'x-cache': 'HIT',
25 silly get     'x-cache-hits': '1',
25 silly get     'x-timer': 'S1488272682.972212,VS0,VE0',
25 silly get     vary: 'Accept-Encoding' } ]
26 verbose get saving coffeelint to /Users/Osama/.npm/registry.npmjs.org/coffeelint/.cache.json
27 verbose correctMkdir /Users/Osama/.npm correctMkdir not in flight; initializing
28 silly addNameTag next cb for coffeelint with tag latest
29 silly addNamed coffeelint@1.16.0
30 verbose addNamed "1.16.0" is a plain semver version for coffeelint
31 silly mapToRegistry name coffeelint
32 silly mapToRegistry using default registry
33 silly mapToRegistry registry https://registry.npmjs.org/
34 silly mapToRegistry data Result {
34 silly mapToRegistry   raw: 'coffeelint',
34 silly mapToRegistry   scope: null,
34 silly mapToRegistry   name: 'coffeelint',
34 silly mapToRegistry   rawSpec: '',
34 silly mapToRegistry   spec: 'latest',
34 silly mapToRegistry   type: 'tag' }
35 silly mapToRegistry uri https://registry.npmjs.org/coffeelint
36 verbose addRemoteTarball https://registry.npmjs.org/coffeelint/-/coffeelint-1.16.0.tgz not in flight; adding
37 verbose addRemoteTarball [ 'https://registry.npmjs.org/coffeelint/-/coffeelint-1.16.0.tgz',
37 verbose addRemoteTarball   '83d8ed1dafde3a677de44e7b8a18be607761e6d8' ]
38 info retry fetch attempt 1 at 10:04:43 AM
39 info attempt registry request try #1 at 10:04:43 AM
40 http fetch GET https://registry.npmjs.org/coffeelint/-/coffeelint-1.16.0.tgz
41 http fetch 200 https://registry.npmjs.org/coffeelint/-/coffeelint-1.16.0.tgz
42 silly fetchAndShaCheck shasum 83d8ed1dafde3a677de44e7b8a18be607761e6d8
43 verbose addTmpTarball /var/folders/lw/2s00wl8d6yl72_1c92_jq7tc0000gn/T/npm-28312-3d619997/registry.npmjs.org/coffeelint/-/coffeelint-1.16.0.tgz not in flight; adding
44 verbose addTmpTarball already have metadata; skipping unpack for coffeelint@1.16.0
45 verbose correctMkdir /Users/Osama/.npm correctMkdir not in flight; initializing
46 silly cache afterAdd coffeelint@1.16.0
47 verbose afterAdd /Users/Osama/.npm/coffeelint/1.16.0/package/package.json not in flight; writing
48 verbose correctMkdir /Users/Osama/.npm correctMkdir not in flight; initializing
49 verbose afterAdd /Users/Osama/.npm/coffeelint/1.16.0/package/package.json written
50 silly install resolved [ { name: 'coffeelint',
50 silly install resolved     description: 'Lint your CoffeeScript',
50 silly install resolved     version: '1.16.0',
50 silly install resolved     homepage: 'http://www.coffeelint.org',
50 silly install resolved     keywords: [ 'lint', 'coffeescript', 'coffee-script' ],
50 silly install resolved     author: { name: 'Matthew Perpick', email: 'clutchski@gmail.com' },
50 silly install resolved     main: './lib/coffeelint.js',
50 silly install resolved     engines: { npm: '>=1.3.7', node: '>=0.8.0' },
50 silly install resolved     repository:
50 silly install resolved      { type: 'git',
50 silly install resolved        url: 'git://github.com/clutchski/coffeelint.git' },
50 silly install resolved     bin: { coffeelint: './bin/coffeelint' },
50 silly install resolved     dependencies:
50 silly install resolved      { 'coffee-script': '~1.11.0',
50 silly install resolved        glob: '^7.0.6',
50 silly install resolved        ignore: '^3.0.9',
50 silly install resolved        optimist: '^0.6.1',
50 silly install resolved        resolve: '^0.6.3',
50 silly install resolved        'strip-json-comments': '^1.0.2' },
50 silly install resolved     devDependencies: { vows: '>=0.8.1', underscore: '>=1.4.4' },
50 silly install resolved     license: 'MIT',
50 silly install resolved     scripts:
50 silly install resolved      { pretest: 'cake compile',
50 silly install resolved        test: './vowsrunner.js --spec test/*.coffee test/*.litcoffee',
50 silly install resolved        testrule: 'npm run compile && ./vowsrunner.js --spec',
50 silly install resolved        posttest: 'npm run lint',
50 silly install resolved        prepublish: 'cake prepublish',
50 silly install resolved        postpublish: 'cake postpublish',
50 silly install resolved        publish: 'cake publish',
50 silly install resolved        lint: 'cake compile && ./bin/coffeelint .',
50 silly install resolved        'lint-csv': 'cake compile && ./bin/coffeelint --csv .',
50 silly install resolved        'lint-jslint': 'cake compile && ./bin/coffeelint --jslint .',
50 silly install resolved        compile: 'cake compile' },
50 silly install resolved     gitHead: '2013313ff7b9ecd28d99b5c71abb51fbfa450bfe',
50 silly install resolved     bugs: { url: 'https://github.com/clutchski/coffeelint/issues' },
50 silly install resolved     _id: 'coffeelint@1.16.0',
50 silly install resolved     _shasum: '83d8ed1dafde3a677de44e7b8a18be607761e6d8',
50 silly install resolved     _from: 'coffeelint@latest',
50 silly install resolved     _npmVersion: '3.10.3',
50 silly install resolved     _nodeVersion: '6.5.0',
50 silly install resolved     _npmUser: { name: 'swang', email: 'shuanwang@gmail.com' },
50 silly install resolved     dist:
50 silly install resolved      { shasum: '83d8ed1dafde3a677de44e7b8a18be607761e6d8',
50 silly install resolved        tarball: 'https://registry.npmjs.org/coffeelint/-/coffeelint-1.16.0.tgz' },
50 silly install resolved     maintainers: [ [Object], [Object], [Object], [Object] ],
50 silly install resolved     _npmOperationalInternal:
50 silly install resolved      { host: 'packages-12-west.internal.npmjs.com',
50 silly install resolved        tmp: 'tmp/coffeelint-1.16.0.tgz_1475452581921_0.8223380178678781' },
50 silly install resolved     directories: {},
50 silly install resolved     _resolved: 'https://registry.npmjs.org/coffeelint/-/coffeelint-1.16.0.tgz' } ]
51 info install coffeelint@1.16.0 into /usr/local/lib
52 info installOne coffeelint@1.16.0
53 verbose installOne of coffeelint to /usr/local/lib not in flight; installing
54 verbose correctMkdir /Users/Osama/.npm/_locks correctMkdir not in flight; initializing
55 verbose lock using /Users/Osama/.npm/_locks/coffeelint-3cb593c099fe1321.lock for /usr/local/lib/node_modules/coffeelint
56 silly install write writing coffeelint 1.16.0 to /usr/local/lib/node_modules/coffeelint
57 verbose unbuild lib/node_modules/coffeelint
58 silly gentlyRm /usr/local/lib/node_modules/coffeelint is being purged from base /usr/local
59 verbose gentlyRm don't care about contents; nuking /usr/local/lib/node_modules/coffeelint
60 verbose tar unpack /Users/Osama/.npm/coffeelint/1.16.0/package.tgz
61 verbose tar unpacking to /usr/local/lib/node_modules/coffeelint
62 silly gentlyRm /usr/local/lib/node_modules/coffeelint is being purged
63 verbose gentlyRm don't care about contents; nuking /usr/local/lib/node_modules/coffeelint
64 silly gunzTarPerm modes [ '755', '644' ]
65 error tar.unpack untar error /Users/Osama/.npm/coffeelint/1.16.0/package.tgz
66 verbose unlock done using /Users/Osama/.npm/_locks/coffeelint-3cb593c099fe1321.lock for /usr/local/lib/node_modules/coffeelint
67 verbose fstream_path /usr/local/lib/node_modules/coffeelint
68 verbose fstream_type Directory
69 verbose fstream_class DirWriter
70 verbose stack Error: EACCES: permission denied, mkdir '/usr/local/lib/node_modules/coffeelint'
70 verbose stack     at Error (native)
71 verbose fstream_stack /usr/local/lib/node_modules/npm/node_modules/fstream/lib/dir-writer.js:35:25
71 verbose fstream_stack /usr/local/lib/node_modules/npm/node_modules/mkdirp/index.js:47:53
71 verbose fstream_stack FSReqWrap.oncomplete (fs.js:82:15)
72 verbose cwd /Users/Osama/Projects/Middleman
73 error Darwin 16.4.0
74 error argv "/usr/local/bin/node" "/usr/local/bin/npm" "install" "-g" "coffeelint"
75 error node v4.5.0
76 error npm  v2.15.9
77 error path /usr/local/lib/node_modules/coffeelint
78 error code EACCES
79 error errno -13
80 error syscall mkdir
81 error Error: EACCES: permission denied, mkdir '/usr/local/lib/node_modules/coffeelint'
81 error     at Error (native)
81 error  { [Error: EACCES: permission denied, mkdir '/usr/local/lib/node_modules/coffeelint']
81 error   errno: -13,
81 error   code: 'EACCES',
81 error   syscall: 'mkdir',
81 error   path: '/usr/local/lib/node_modules/coffeelint',
81 error   fstream_type: 'Directory',
81 error   fstream_path: '/usr/local/lib/node_modules/coffeelint',
81 error   fstream_class: 'DirWriter',
81 error   fstream_stack:
81 error    [ '/usr/local/lib/node_modules/npm/node_modules/fstream/lib/dir-writer.js:35:25',
81 error      '/usr/local/lib/node_modules/npm/node_modules/mkdirp/index.js:47:53',
81 error      'FSReqWrap.oncomplete (fs.js:82:15)' ] }
82 error Please try running this command again as root/Administrator.
83 verbose exit [ -13, true ]
84 verbose unbuild lib/node_modules/coffeelint
85 silly gentlyRm /usr/local/lib/node_modules/coffeelint is being purged from base /usr/local
86 verbose gentlyRm don't care about contents; nuking /usr/local/lib/node_modules/coffeelint
